<?xml version="1.0" encoding="UTF-8"?>
<testsuites name="jest tests" tests="4" failures="2" errors="0" time="5.547">
  <testsuite name="Get Entry Next Links Tests" errors="0" failures="2" skipped="0" timestamp="2024-02-02T14:58:11" time="5.453" tests="4">
    <testcase classname="Get Entry Next Links Tests List Fields simple paging" name="Get Entry Next Links Tests List Fields simple paging" time="2.073">
    </testcase>
    <testcase classname="Get Entry Next Links Tests List Links simple paging" name="Get Entry Next Links Tests List Links simple paging" time="0.426">
      <failure>Error: Next Link is undefined
    at C:\src\lf-repository-api-client-js\src\index.ts:12252:11
    at Generator.next (&lt;anonymous&gt;)
    at C:\src\lf-repository-api-client-js\src\index.ts:14:71
    at new Promise (&lt;anonymous&gt;)
    at __awaiter (C:\src\lf-repository-api-client-js\src\index.ts:10:12)
    at getNextLinkListing (C:\src\lf-repository-api-client-js\src\index.ts:9442:12)
    at EntriesClient.&lt;anonymous&gt; (C:\src\lf-repository-api-client-js\src\index.ts:1717:18)
    at Generator.next (&lt;anonymous&gt;)
    at C:\src\lf-repository-api-client-js\src\index.ts:14:71
    at new Promise (&lt;anonymous&gt;)</failure>
    </testcase>
    <testcase classname="Get Entry Next Links Tests List Entries simple paging" name="Get Entry Next Links Tests List Entries simple paging" time="1.073">
    </testcase>
    <testcase classname="Get Entry Next Links Tests List Tags simple paging" name="Get Entry Next Links Tests List Tags simple paging" time="0.391">
      <failure>Error: Next Link is undefined
    at C:\src\lf-repository-api-client-js\src\index.ts:12252:11
    at Generator.next (&lt;anonymous&gt;)
    at C:\src\lf-repository-api-client-js\src\index.ts:14:71
    at new Promise (&lt;anonymous&gt;)
    at __awaiter (C:\src\lf-repository-api-client-js\src\index.ts:10:12)
    at getNextLinkListing (C:\src\lf-repository-api-client-js\src\index.ts:9442:12)
    at EntriesClient.&lt;anonymous&gt; (C:\src\lf-repository-api-client-js\src\index.ts:1737:18)
    at Generator.next (&lt;anonymous&gt;)
    at C:\src\lf-repository-api-client-js\src\index.ts:14:71
    at new Promise (&lt;anonymous&gt;)</failure>
    </testcase>
  </testsuite>
</testsuites>