<?xml version="1.0" encoding="UTF-8"?>
<testsuites name="jest tests" tests="5" failures="0" errors="0" time="33.618">
  <testsuite name="Search Integration Tests" errors="0" failures="0" skipped="0" timestamp="2024-02-05T22:24:59" time="30.577" tests="4">
    <testcase classname="Search Integration Tests Get Search Context Hits" name="Search Integration Tests Get Search Context Hits" time="6.747">
    </testcase>
    <testcase classname="Search Integration Tests Get Search Results for each Paging" name="Search Integration Tests Get Search Results for each Paging" time="12.646">
    </testcase>
    <testcase classname="Search Integration Tests Get Search Context Hits for each Paging" name="Search Integration Tests Get Search Context Hits for each Paging" time="6.09">
    </testcase>
    <testcase classname="Search Integration Tests Get Search Results" name="Search Integration Tests Get Search Results" time="3.705">
    </testcase>
  </testsuite>
  <testsuite name="Simple Search Integration Tests" errors="0" failures="0" skipped="0" timestamp="2024-02-05T22:25:30" time="2.449" tests="1">
    <testcase classname="Simple Search Integration Tests Create Simple Search" name="Simple Search Integration Tests Create Simple Search" time="2.281">
    </testcase>
  </testsuite>
</testsuites>